PRT1
111
301
4 0 4 (2073.689941 1024 1914.630127 ) (2048 1024 1914.630127 ) (2048 1024 -1366.630127 ) (2073.689941 1024 -1366.630127 ) 
4 0 3 (2048 1024 -1366.630127 ) (2048 1024 1914.630127 ) (2048 1831.689941 1914.630127 ) (2048 1831.689941 -1366.630127 ) 
4 1 12 (1024 1571 2237 ) (1024 1942 2237 ) (1024 1942 2063 ) (1024 1571 2063 ) 
4 2 13 (1024 1024 2063 ) (1024 1024 2237 ) (1024 1342 2237 ) (1024 1342 2063 ) 
4 2 5 (1024 1024 2237 ) (1024 1024 2063 ) (1207 1024 2063 ) (1207 1024 2237 ) 
4 3 18 (1024 1024 -1366.630127 ) (1024 1024 1914.630127 ) (1024 1831.689941 1914.630127 ) (1024 1831.689941 -1366.630127 ) 
4 3 7 (1024 1024 1914.630127 ) (1024 1024 -1366.630127 ) (2048 1024 -1366.630127 ) (2048 1024 1914.630127 ) 
4 4 8 (2073.689941 0 1914.630127 ) (2048 0 1914.630127 ) (2048 0 -1366.630127 ) (2073.689941 0 -1366.630127 ) 
4 4 7 (2048 1024 1914.630127 ) (2048 1024 -1366.630127 ) (2048 0 -1366.630127 ) (2048 0 1914.630127 ) 
4 5 26 (1024 971 2237 ) (1024 1024 2237 ) (1024 1024 2063 ) (1024 971 2063 ) 
4 6 27 (1024 371 2237 ) (1024 742 2237 ) (1024 742 2063 ) (1024 371 2063 ) 
4 7 63 (1024 0 -1366.630127 ) (1024 0 -376 ) (1024 1024 -376 ) (1024 1024 -1366.630127 ) 
4 7 51 (1024 1024 -216 ) (1024 1024 -376 ) (1024 729 -376 ) (1024 729 -216 ) 
4 7 48 (1024 729 -80 ) (1024 1024 -80 ) (1024 1024 -216 ) (1024 729 -216 ) 
4 7 62 (1024 0 -376 ) (1024 0 -80 ) (1024 729 -80 ) (1024 729 -376 ) 
4 7 44 (1024 0 -80 ) (1024 0 -32 ) (1024 1024 -32 ) (1024 1024 -80 ) 
4 7 37 (1024 0 -32 ) (1024 0 128 ) (1024 1024 128 ) (1024 1024 -32 ) 
4 7 36 (1024 0 128 ) (1024 0 1914.630127 ) (1024 743 1914.630127 ) (1024 743 128 ) 
4 7 32 (1024 743 1914.630127 ) (1024 1024 1914.630127 ) (1024 1024 128 ) (1024 743 128 ) 
4 7 9 (2048 0 -1366.630127 ) (2048 0 1914.630127 ) (1024 0 1914.630127 ) (1024 0 -1366.630127 ) 
4 8 10 (2073.689941 -1024 1914.630127 ) (2048 -1024 1914.630127 ) (2048 -1024 -1366.630127 ) (2073.689941 -1024 -1366.630127 ) 
4 8 9 (2048 0 1914.630127 ) (2048 0 -1366.630127 ) (2048 -1024 -1366.630127 ) (2048 -1024 1914.630127 ) 
4 9 105 (1024 -1024 -1366.630127 ) (1024 -1024 -648.125000 ) (1024 0 -648.125000 ) (1024 0 -1366.630127 ) 
4 9 99 (1024 -200 -471.216003 ) (1024 0 -471.216003 ) (1024 0 -648.125000 ) (1024 -200 -648.125000 ) 
4 9 104 (1024 -1024 -648.125000 ) (1024 -1024 -471.216003 ) (1024 -200 -471.216003 ) (1024 -200 -648.125000 ) 
4 9 94 (1024 -1024 -471.216003 ) (1024 -1024 1914.630127 ) (1024 -808 1914.630127 ) (1024 -808 -471.216003 ) 
4 9 90 (1024 0 -464 ) (1024 0 -471.216003 ) (1024 -808 -471.216003 ) (1024 -808 -464 ) 
4 9 89 (1024 -808 1914.630127 ) (1024 0 1914.630127 ) (1024 0 -464 ) (1024 -808 -464 ) 
4 9 11 (1024 -1024 1914.630127 ) (1024 -1024 -1366.630127 ) (2048 -1024 -1366.630127 ) (2048 -1024 1914.630127 ) 
4 10 11 (2048 -1024 1914.630127 ) (2048 -1024 -1366.630127 ) (2048 -1447.689941 -1366.630127 ) (2048 -1447.689941 1914.630127 ) 
4 11 107 (1024 -1447.689941 1914.630127 ) (1024 -1024 1914.630127 ) (1024 -1024 -1366.630127 ) (1024 -1447.689941 -1366.630127 ) 
4 13 26 (1024 1024 2063 ) (1024 1024 2237 ) (752 1024 2237 ) (752 1024 2063 ) 
4 15 28 (707 1024 2237 ) (252 1024 2237 ) (252 1024 2063 ) (707 1024 2063 ) 
4 16 19 (0 1942 2063 ) (0 1571 2063 ) (0 1571 2237 ) (0 1942 2237 ) 
4 17 30 (207 1024 2237 ) (0 1024 2237 ) (0 1024 2063 ) (207 1024 2063 ) 
4 17 20 (0 1342 2063 ) (0 1024 2063 ) (0 1024 2237 ) (0 1342 2237 ) 
4 18 63 (1024 1024 -1366.630127 ) (1024 1024 -376 ) (0 1024 -376 ) (0 1024 -1366.630127 ) 
4 18 59 (144 1024 -80 ) (128 1024 -80 ) (128 1024 -240 ) (144 1024 -240 ) 
4 18 60 (128 1024 -240 ) (128 1024 -376 ) (144 1024 -376 ) (144 1024 -240 ) 
4 18 57 (495 1024 -80 ) (144 1024 -80 ) (144 1024 -376 ) (495 1024 -376 ) 
4 18 61 (128 1024 -80 ) (0 1024 -80 ) (0 1024 -376 ) (128 1024 -376 ) 
4 18 56 (511 1024 -216 ) (495 1024 -216 ) (495 1024 -376 ) (511 1024 -376 ) 
4 18 53 (719 1024 -216 ) (703 1024 -216 ) (703 1024 -376 ) (719 1024 -376 ) 
4 18 51 (1024 1024 -376 ) (1024 1024 -216 ) (719 1024 -216 ) (719 1024 -376 ) 
4 18 54 (703 1024 -216 ) (511 1024 -216 ) (511 1024 -376 ) (703 1024 -376 ) 
4 18 49 (719 1024 -80 ) (495 1024 -80 ) (495 1024 -216 ) (719 1024 -216 ) 
4 18 48 (1024 1024 -216 ) (1024 1024 -80 ) (719 1024 -80 ) (719 1024 -216 ) 
4 18 45 (144 1024 -32 ) (0 1024 -32 ) (0 1024 -80 ) (144 1024 -80 ) 
4 18 44 (1024 1024 -80 ) (1024 1024 -32 ) (144 1024 -32 ) (144 1024 -80 ) 
4 18 42 (273 1024 128 ) (257 1024 128 ) (257 1024 -32 ) (273 1024 -32 ) 
4 18 43 (257 1024 128 ) (0 1024 128 ) (0 1024 -32 ) (257 1024 -32 ) 
4 18 39 (481 1024 128 ) (465 1024 128 ) (465 1024 -32 ) (481 1024 -32 ) 
4 18 37 (1024 1024 -32 ) (1024 1024 128 ) (481 1024 128 ) (481 1024 -32 ) 
4 18 40 (465 1024 128 ) (273 1024 128 ) (273 1024 -32 ) (465 1024 -32 ) 
4 18 33 (481 1024 1914.630127 ) (257 1024 1914.630127 ) (257 1024 128 ) (481 1024 128 ) 
4 18 32 (1024 1024 128 ) (1024 1024 1914.630127 ) (481 1024 1914.630127 ) (481 1024 128 ) 
4 18 35 (257 1024 1914.630127 ) (0 1024 1914.630127 ) (0 1024 128 ) (257 1024 128 ) 
4 18 25 (0 1831.689941 -1366.630127 ) (0 1024 -1366.630127 ) (0 1024 1914.630127 ) (0 1831.689941 1914.630127 ) 
4 20 64 (-248 1024 2063 ) (0 1024 2063 ) (0 1024 2237 ) (-248 1024 2237 ) 
4 22 66 (-748 1024 2063 ) (-293 1024 2063 ) (-293 1024 2237 ) (-748 1024 2237 ) 
4 23 79 (-1024 1571 2237 ) (-1024 1942 2237 ) (-1024 1942 2063 ) (-1024 1571 2063 ) 
4 24 80 (-1024 1024 2063 ) (-1024 1024 2237 ) (-1024 1342 2237 ) (-1024 1342 2063 ) 
4 24 68 (-1024 1024 2237 ) (-1024 1024 2063 ) (-793 1024 2063 ) (-793 1024 2237 ) 
4 25 83 (-1024 1024 -1366.630127 ) (-1024 1024 1914.630127 ) (-1024 1831.689941 1914.630127 ) (-1024 1831.689941 -1366.630127 ) 
4 25 78 (-1024 1024 -240 ) (-1024 1024 -1366.630127 ) (0 1024 -1366.630127 ) (0 1024 -240 ) 
4 25 76 (-80 1024 -240 ) (-64 1024 -240 ) (-64 1024 -80 ) (-80 1024 -80 ) 
4 25 74 (-64 1024 -240 ) (0 1024 -240 ) (0 1024 -80 ) (-64 1024 -80 ) 
4 25 77 (-1024 1024 -80 ) (-1024 1024 -240 ) (-80 1024 -240 ) (-80 1024 -80 ) 
4 25 70 (-1024 1024 1914.630127 ) (-1024 1024 -80 ) (0 1024 -80 ) (0 1024 1914.630127 ) 
4 30 64 (0 1024 2237 ) (0 1024 2063 ) (0 971 2063 ) (0 971 2237 ) 
4 31 65 (0 742 2063 ) (0 371 2063 ) (0 371 2237 ) (0 742 2237 ) 
4 32 37 (481 1024 128 ) (1024 1024 128 ) (1024 743 128 ) (481 743 128 ) 
4 32 36 (481 743 128 ) (1024 743 128 ) (1024 743 1914.630127 ) (481 743 1914.630127 ) 
4 32 34 (481 743 144 ) (481 743 1914.630127 ) (481 903 1914.630127 ) (481 903 144 ) 
4 32 33 (481 1024 128 ) (481 903 128 ) (481 903 1914.630127 ) (481 1024 1914.630127 ) 
4 33 42 (257 1024 128 ) (273 1024 128 ) (273 903 128 ) (257 903 128 ) 
4 33 39 (465 1024 128 ) (481 1024 128 ) (481 903 128 ) (465 903 128 ) 
4 33 40 (273 1024 128 ) (465 1024 128 ) (465 903 128 ) (273 903 128 ) 
4 33 34 (257 903 1914.630127 ) (257 903 144 ) (481 903 144 ) (481 903 1914.630127 ) 
4 33 35 (257 1024 128 ) (257 903 128 ) (257 903 1914.630127 ) (257 1024 1914.630127 ) 
4 34 36 (481 743 144 ) (481 743 1914.630127 ) (257 743 1914.630127 ) (257 743 144 ) 
4 34 35 (257 743 144 ) (257 743 1914.630127 ) (257 903 1914.630127 ) (257 903 144 ) 
4 35 71 (0 898 128 ) (0 743 128 ) (0 743 1914.630127 ) (0 898 1914.630127 ) 
4 35 70 (0 1024 1914.630127 ) (0 1024 128 ) (0 898 128 ) (0 898 1914.630127 ) 
4 35 43 (0 743 128 ) (0 1024 128 ) (257 1024 128 ) (257 743 128 ) 
4 35 36 (0 743 128 ) (257 743 128 ) (257 743 1914.630127 ) (0 743 1914.630127 ) 
4 36 98 (21 0 1914.630127 ) (0 0 1914.630127 ) (0 0 128 ) (21 0 128 ) 
4 36 89 (1024 0 128 ) (1024 0 1914.630127 ) (21 0 1914.630127 ) (21 0 128 ) 
4 36 71 (0 743 128 ) (0 738 128 ) (0 738 1914.630127 ) (0 743 1914.630127 ) 
4 36 72 (0 738 128 ) (0 0 128 ) (0 0 1914.630127 ) (0 738 1914.630127 ) 
4 36 41 (273 0 128 ) (257 0 128 ) (257 743 128 ) (273 743 128 ) 
4 36 43 (257 0 128 ) (0 0 128 ) (0 743 128 ) (257 743 128 ) 
4 36 38 (481 0 128 ) (465 0 128 ) (465 743 128 ) (481 743 128 ) 
4 36 37 (1024 0 128 ) (481 0 128 ) (481 743 128 ) (1024 743 128 ) 
4 36 40 (465 0 128 ) (273 0 128 ) (273 743 128 ) (465 743 128 ) 
4 37 89 (1024 0 -32 ) (1024 0 128 ) (481 0 128 ) (481 0 -32 ) 
4 37 44 (1024 0 -32 ) (481 0 -32 ) (481 1024 -32 ) (1024 1024 -32 ) 
4 37 39 (481 1024 -32 ) (481 863 -32 ) (481 759 128 ) (481 1024 128 ) 
4 37 38 (481 847 -32 ) (481 0 -32 ) (481 0 128 ) (481 743 128 ) 
4 38 89 (481 0 128 ) (465 0 128 ) (465 0 -32 ) (481 0 -32 ) 
4 38 44 (481 0 -32 ) (465 0 -32 ) (465 847 -32 ) (481 847 -32 ) 
4 38 40 (465 847 -32 ) (465 0 -32 ) (465 0 128 ) (465 743 128 ) 
4 39 44 (465 863 -32 ) (465 1024 -32 ) (481 1024 -32 ) (481 863 -32 ) 
4 39 40 (465 1024 -32 ) (465 863 -32 ) (465 759 128 ) (465 1024 128 ) 
4 40 89 (465 0 128 ) (273 0 128 ) (273 0 -32 ) (465 0 -32 ) 
4 40 44 (465 0 -32 ) (273 0 -32 ) (273 1024 -32 ) (465 1024 -32 ) 
4 40 42 (273 1024 -32 ) (273 863 -32 ) (273 759 128 ) (273 1024 128 ) 
4 40 41 (273 847 -32 ) (273 0 -32 ) (273 0 128 ) (273 743 128 ) 
4 41 89 (273 0 128 ) (257 0 128 ) (257 0 -32 ) (273 0 -32 ) 
4 41 44 (273 0 -32 ) (257 0 -32 ) (257 847 -32 ) (273 847 -32 ) 
4 41 43 (257 847 -32 ) (257 0 -32 ) (257 0 128 ) (257 743 128 ) 
4 42 44 (257 863 -32 ) (257 1024 -32 ) (273 1024 -32 ) (273 863 -32 ) 
4 42 43 (257 1024 -32 ) (257 863 -32 ) (257 759 128 ) (257 1024 128 ) 
4 43 98 (21 0 128 ) (0 0 128 ) (0 0 -32 ) (21 0 -32 ) 
4 43 89 (257 0 128 ) (21 0 128 ) (21 0 -32 ) (257 0 -32 ) 
4 43 71 (0 898 -32 ) (0 738 -32 ) (0 738 128 ) (0 898 128 ) 
4 43 72 (0 738 -32 ) (0 0 -32 ) (0 0 128 ) (0 738 128 ) 
4 43 70 (0 1024 128 ) (0 1024 -32 ) (0 898 -32 ) (0 898 128 ) 
4 43 46 (0 738 -32 ) (0 898 -32 ) (144 898 -32 ) (144 738 -32 ) 
4 43 45 (0 898 -32 ) (0 1024 -32 ) (144 1024 -32 ) (144 898 -32 ) 
4 43 47 (144 0 -32 ) (0 0 -32 ) (0 738 -32 ) (144 738 -32 ) 
4 43 44 (257 0 -32 ) (144 0 -32 ) (144 1024 -32 ) (257 1024 -32 ) 
4 44 89 (1024 0 -80 ) (1024 0 -32 ) (144 0 -32 ) (144 0 -80 ) 
4 44 57 (144 1024 -80 ) (495 1024 -80 ) (495 729 -80 ) (144 729 -80 ) 
4 44 50 (719 889 -80 ) (719 729 -80 ) (495 729 -80 ) (495 889 -80 ) 
4 44 49 (495 1024 -80 ) (719 1024 -80 ) (719 889 -80 ) (495 889 -80 ) 
4 44 48 (719 1024 -80 ) (1024 1024 -80 ) (1024 729 -80 ) (719 729 -80 ) 
4 44 62 (1024 729 -80 ) (1024 0 -80 ) (144 0 -80 ) (144 729 -80 ) 
4 44 46 (144 738 -64 ) (144 738 -32 ) (144 898 -32 ) (144 898 -64 ) 
4 44 45 (144 1024 -80 ) (144 898 -80 ) (144 898 -32 ) (144 1024 -32 ) 
4 44 47 (144 738 -80 ) (144 0 -80 ) (144 0 -32 ) (144 738 -32 ) 
4 45 70 (0 1024 -32 ) (0 1024 -80 ) (0 898 -80 ) (0 898 -32 ) 
4 45 59 (128 1024 -80 ) (144 1024 -80 ) (144 898 -80 ) (128 898 -80 ) 
4 45 61 (0 1024 -80 ) (128 1024 -80 ) (128 898 -80 ) (0 898 -80 ) 
4 45 46 (144 898 -64 ) (144 898 -32 ) (0 898 -32 ) (0 898 -64 ) 
4 46 71 (0 738 -64 ) (0 738 -32 ) (0 898 -32 ) (0 898 -64 ) 
4 46 47 (144 738 -64 ) (144 738 -32 ) (0 738 -32 ) (0 738 -64 ) 
4 47 98 (21 0 -32 ) (0 0 -32 ) (0 0 -80 ) (21 0 -80 ) 
4 47 89 (144 0 -32 ) (21 0 -32 ) (21 0 -80 ) (144 0 -80 ) 
4 47 72 (0 738 -80 ) (0 0 -80 ) (0 0 -32 ) (0 738 -32 ) 
4 47 58 (144 738 -80 ) (144 729 -80 ) (128 729 -80 ) (128 738 -80 ) 
4 47 61 (128 729 -80 ) (0 729 -80 ) (0 738 -80 ) (128 738 -80 ) 
4 47 62 (144 729 -80 ) (144 0 -80 ) (0 0 -80 ) (0 729 -80 ) 
4 48 51 (1024 729 -216 ) (719 729 -216 ) (719 1024 -216 ) (1024 1024 -216 ) 
4 48 50 (719 729 -200 ) (719 729 -80 ) (719 889 -80 ) (719 889 -200 ) 
4 48 49 (719 1024 -216 ) (719 889 -216 ) (719 889 -80 ) (719 1024 -80 ) 
4 48 62 (1024 729 -216 ) (1024 729 -80 ) (719 729 -80 ) (719 729 -216 ) 
4 49 57 (495 889 -80 ) (495 1024 -80 ) (495 1024 -216 ) (495 889 -216 ) 
4 49 56 (495 889 -216 ) (495 1024 -216 ) (511 1024 -216 ) (511 889 -216 ) 
4 49 53 (703 1024 -216 ) (719 1024 -216 ) (719 889 -216 ) (703 889 -216 ) 
4 49 54 (511 1024 -216 ) (703 1024 -216 ) (703 889 -216 ) (511 889 -216 ) 
4 49 50 (495 889 -80 ) (495 889 -200 ) (719 889 -200 ) (719 889 -80 ) 
4 50 57 (495 729 -200 ) (495 729 -80 ) (495 889 -80 ) (495 889 -200 ) 
4 50 62 (719 729 -80 ) (495 729 -80 ) (495 729 -200 ) (719 729 -200 ) 
4 51 63 (719 1024 -376 ) (1024 1024 -376 ) (1024 729 -376 ) (719 729 -376 ) 
4 51 53 (719 1024 -376 ) (719 849 -376 ) (719 745 -216 ) (719 1024 -216 ) 
3 51 52 (719 833 -376 ) (719 729 -376 ) (719 729 -216 ) 
4 51 62 (719 729 -376 ) (1024 729 -376 ) (1024 729 -216 ) (719 729 -216 ) 
4 52 63 (719 833 -376 ) (719 729 -376 ) (703 729 -376 ) (703 833 -376 ) 
4 52 62 (703 729 -376 ) (719 729 -376 ) (719 729 -216 ) (703 729 -216 ) 
3 52 54 (703 833 -376 ) (703 729 -376 ) (703 729 -216 ) 
4 53 63 (703 1024 -376 ) (719 1024 -376 ) (719 849 -376 ) (703 849 -376 ) 
4 53 54 (703 1024 -376 ) (703 849 -376 ) (703 745 -216 ) (703 1024 -216 ) 
4 54 63 (511 1024 -376 ) (703 1024 -376 ) (703 729 -376 ) (511 729 -376 ) 
4 54 56 (511 1024 -376 ) (511 849 -376 ) (511 745 -216 ) (511 1024 -216 ) 
3 54 55 (511 833 -376 ) (511 729 -376 ) (511 729 -216 ) 
4 54 62 (511 729 -376 ) (703 729 -376 ) (703 729 -216 ) (511 729 -216 ) 
4 55 63 (511 833 -376 ) (511 729 -376 ) (495 729 -376 ) (495 833 -376 ) 
3 55 57 (495 833 -376 ) (495 729 -376 ) (495 729 -216 ) 
4 55 62 (495 729 -376 ) (511 729 -376 ) (511 729 -216 ) (495 729 -216 ) 
4 56 63 (495 1024 -376 ) (511 1024 -376 ) (511 849 -376 ) (495 849 -376 ) 
4 56 57 (495 1024 -376 ) (495 849 -376 ) (495 745 -216 ) (495 1024 -216 ) 
4 57 63 (144 1024 -376 ) (495 1024 -376 ) (495 729 -376 ) (144 729 -376 ) 
4 57 59 (144 754 -80 ) (144 1024 -80 ) (144 1024 -240 ) (144 839 -240 ) 
4 57 58 (144 729 -240 ) (144 729 -80 ) (144 738 -80 ) (144 823 -240 ) 
4 57 60 (144 1024 -376 ) (144 729 -376 ) (144 729 -240 ) (144 1024 -240 ) 
4 57 62 (144 729 -376 ) (495 729 -376 ) (495 729 -80 ) (144 729 -80 ) 
4 58 60 (128 729 -240 ) (128 823 -240 ) (144 823 -240 ) (144 729 -240 ) 
4 58 61 (128 729 -240 ) (128 729 -80 ) (128 738 -80 ) (128 823 -240 ) 
4 58 62 (144 729 -240 ) (144 729 -80 ) (128 729 -80 ) (128 729 -240 ) 
4 59 61 (128 754 -80 ) (128 1024 -80 ) (128 1024 -240 ) (128 839 -240 ) 
4 59 60 (128 839 -240 ) (128 1024 -240 ) (144 1024 -240 ) (144 839 -240 ) 
4 60 63 (128 1024 -376 ) (144 1024 -376 ) (144 729 -376 ) (128 729 -376 ) 
4 60 62 (128 729 -376 ) (144 729 -376 ) (144 729 -240 ) (128 729 -240 ) 
4 60 61 (128 1024 -376 ) (128 729 -376 ) (128 729 -240 ) (128 1024 -240 ) 
4 61 78 (0 1024 -240 ) (0 1024 -376 ) (0 729 -376 ) (0 729 -240 ) 
4 61 74 (0 1024 -80 ) (0 1024 -240 ) (0 729 -240 ) (0 729 -80 ) 
4 61 63 (0 729 -376 ) (0 1024 -376 ) (128 1024 -376 ) (128 729 -376 ) 
4 61 62 (0 729 -376 ) (128 729 -376 ) (128 729 -80 ) (0 729 -80 ) 
4 62 98 (21 0 -80 ) (0 0 -80 ) (0 0 -376 ) (21 0 -376 ) 
4 62 89 (1024 0 -376 ) (1024 0 -80 ) (21 0 -80 ) (21 0 -376 ) 
4 62 78 (0 729 -376 ) (0 0 -376 ) (0 0 -240 ) (0 729 -240 ) 
4 62 74 (0 0 -240 ) (0 0 -80 ) (0 729 -80 ) (0 729 -240 ) 
4 62 63 (1024 0 -376 ) (0 0 -376 ) (0 729 -376 ) (1024 729 -376 ) 
4 63 105 (1024 0 -1366.630127 ) (1024 0 -648.125000 ) (0 0 -648.125000 ) (0 0 -1366.630127 ) 
4 63 102 (242.809006 0 -471.216003 ) (240 0 -471.216003 ) (240 0 -648.125000 ) (242.809006 0 -648.125000 ) 
4 63 103 (240 0 -471.216003 ) (0 0 -471.216003 ) (0 0 -648.125000 ) (240 0 -648.125000 ) 
4 63 101 (369.191010 0 -471.216003 ) (242.809006 0 -471.216003 ) (242.809006 0 -648.125000 ) (369.191010 0 -648.125000 ) 
4 63 100 (372 0 -471.216003 ) (369.191010 0 -471.216003 ) (369.191010 0 -648.125000 ) (372 0 -648.125000 ) 
4 63 99 (1024 0 -648.125000 ) (1024 0 -471.216003 ) (372 0 -471.216003 ) (372 0 -648.125000 ) 
4 63 98 (21 0 -376 ) (0 0 -376 ) (0 0 -471.216003 ) (21 0 -471.216003 ) 
4 63 91 (372 0 -464 ) (240 0 -464 ) (240 0 -471.216003 ) (372 0 -471.216003 ) 
4 63 90 (1024 0 -471.216003 ) (1024 0 -464 ) (372 0 -464 ) (372 0 -471.216003 ) 
4 63 93 (240 0 -464 ) (21 0 -464 ) (21 0 -471.216003 ) (240 0 -471.216003 ) 
4 63 89 (1024 0 -464 ) (1024 0 -376 ) (21 0 -376 ) (21 0 -464 ) 
4 63 78 (0 1024 -376 ) (0 1024 -1366.630127 ) (0 0 -1366.630127 ) (0 0 -376 ) 
4 68 84 (-1024 971 2237 ) (-1024 1024 2237 ) (-1024 1024 2063 ) (-1024 971 2063 ) 
4 69 85 (-1024 371 2237 ) (-1024 742 2237 ) (-1024 742 2063 ) (-1024 371 2063 ) 
4 70 88 (-1024 1024 1914.630127 ) (-1024 1024 -80 ) (-1024 898 -80 ) (-1024 898 1914.630127 ) 
4 70 76 (-80 1024 -80 ) (-64 1024 -80 ) (-64 898 -80 ) (-80 898 -80 ) 
4 70 74 (-64 1024 -80 ) (0 1024 -80 ) (0 898 -80 ) (-64 898 -80 ) 
4 70 77 (-1024 898 -80 ) (-1024 1024 -80 ) (-80 1024 -80 ) (-80 898 -80 ) 
4 70 71 (0 898 -64 ) (0 898 1914.630127 ) (-80 898 1914.630127 ) (-80 898 -64 ) 
4 70 73 (-1024 898 -80 ) (-80 898 -80 ) (-80 898 1914.630127 ) (-1024 898 1914.630127 ) 
4 71 72 (-80 738 1914.630127 ) (-80 738 -64 ) (0 738 -64 ) (0 738 1914.630127 ) 
4 71 73 (-80 738 1914.630127 ) (-80 898 1914.630127 ) (-80 898 -64 ) (-80 738 -64 ) 
4 72 106 (0 0 -80 ) (0 0 1914.630127 ) (-80 0 1914.630127 ) (-80 0 -80 ) 
4 72 75 (-64 0 -80 ) (-80 0 -80 ) (-80 738 -80 ) (-64 738 -80 ) 
4 72 74 (0 0 -80 ) (-64 0 -80 ) (-64 738 -80 ) (0 738 -80 ) 
4 72 73 (-80 0 1914.630127 ) (-80 738 1914.630127 ) (-80 738 -80 ) (-80 0 -80 ) 
4 73 106 (-80 0 1914.630127 ) (-1024 0 1914.630127 ) (-1024 0 -80 ) (-80 0 -80 ) 
4 73 88 (-1024 0 -80 ) (-1024 0 1914.630127 ) (-1024 898 1914.630127 ) (-1024 898 -80 ) 
4 73 77 (-80 0 -80 ) (-1024 0 -80 ) (-1024 898 -80 ) (-80 898 -80 ) 
4 74 106 (0 0 -240 ) (0 0 -80 ) (-64 0 -80 ) (-64 0 -240 ) 
4 74 78 (-64 1024 -240 ) (0 1024 -240 ) (0 0 -240 ) (-64 0 -240 ) 
4 74 76 (-64 1024 -240 ) (-64 839 -240 ) (-64 754 -80 ) (-64 1024 -80 ) 
4 74 75 (-64 823 -240 ) (-64 0 -240 ) (-64 0 -80 ) (-64 738 -80 ) 
4 75 106 (-64 0 -80 ) (-80 0 -80 ) (-80 0 -240 ) (-64 0 -240 ) 
4 75 78 (-64 823 -240 ) (-64 0 -240 ) (-80 0 -240 ) (-80 823 -240 ) 
4 75 77 (-80 823 -240 ) (-80 0 -240 ) (-80 0 -80 ) (-80 738 -80 ) 
4 76 78 (-80 1024 -240 ) (-64 1024 -240 ) (-64 839 -240 ) (-80 839 -240 ) 
4 76 77 (-80 1024 -240 ) (-80 839 -240 ) (-80 754 -80 ) (-80 1024 -80 ) 
4 77 106 (-80 0 -80 ) (-1024 0 -80 ) (-1024 0 -240 ) (-80 0 -240 ) 
4 77 88 (-1024 0 -240 ) (-1024 0 -80 ) (-1024 1024 -80 ) (-1024 1024 -240 ) 
4 77 78 (-1024 0 -240 ) (-1024 1024 -240 ) (-80 1024 -240 ) (-80 0 -240 ) 
4 78 106 (0 0 -1366.630127 ) (0 0 -240 ) (-1024 0 -240 ) (-1024 0 -1366.630127 ) 
4 78 88 (-1024 0 -1366.630127 ) (-1024 0 -240 ) (-1024 1024 -240 ) (-1024 1024 -1366.630127 ) 
4 80 84 (-1024 1024 2063 ) (-1024 1024 2237 ) (-1248 1024 2237 ) (-1248 1024 2063 ) 
4 82 86 (-1293 1024 2237 ) (-1748 1024 2237 ) (-1748 1024 2063 ) (-1293 1024 2063 ) 
4 83 88 (-1024 1024 -1366.630127 ) (-1024 1024 1914.630127 ) (-1625.689941 1024 1914.630127 ) (-1625.689941 1024 -1366.630127 ) 
4 88 109 (-1024 0 -1366.630127 ) (-1024 0 1914.630127 ) (-1625.689941 0 1914.630127 ) (-1625.689941 0 -1366.630127 ) 
4 89 98 (21 0 1914.630127 ) (21 0 -464 ) (21 -808 -464 ) (21 -808 1914.630127 ) 
4 89 96 (21 -808 1914.630127 ) (21 -808 -464 ) (119 -808 -464 ) (119 -808 1914.630127 ) 
4 89 94 (119 -808 -464 ) (1024 -808 -464 ) (1024 -808 1914.630127 ) (119 -808 1914.630127 ) 
4 89 91 (240 -184 -464 ) (240 0 -464 ) (372 0 -464 ) (372 -184 -464 ) 
4 89 92 (372 -808 -464 ) (240 -808 -464 ) (240 -200 -464 ) (372 -200 -464 ) 
4 89 90 (1024 -808 -464 ) (372 -808 -464 ) (372 0 -464 ) (1024 0 -464 ) 
4 89 93 (240 -808 -464 ) (21 -808 -464 ) (21 0 -464 ) (240 0 -464 ) 
4 90 99 (372 0 -471.216003 ) (1024 0 -471.216003 ) (1024 -200 -471.216003 ) (372 -200 -471.216003 ) 
4 90 104 (1024 -200 -471.216003 ) (1024 -808 -471.216003 ) (372 -808 -471.216003 ) (372 -200 -471.216003 ) 
4 90 94 (372 -808 -471.216003 ) (1024 -808 -471.216003 ) (1024 -808 -464 ) (372 -808 -464 ) 
4 90 91 (372 0 -471.216003 ) (372 -184 -471.216003 ) (372 -184 -464 ) (372 0 -464 ) 
4 90 92 (372 -200 -471.216003 ) (372 -808 -471.216003 ) (372 -808 -464 ) (372 -200 -464 ) 
4 91 102 (240 0 -471.216003 ) (242.809006 0 -471.216003 ) (242.809006 -184 -471.216003 ) (240 -184 -471.216003 ) 
4 91 101 (242.809006 0 -471.216003 ) (369.191010 0 -471.216003 ) (369.191010 -184 -471.216003 ) (242.809006 -184 -471.216003 ) 
4 91 100 (369.191010 0 -471.216003 ) (372 0 -471.216003 ) (372 -184 -471.216003 ) (369.191010 -184 -471.216003 ) 
4 91 93 (240 0 -471.216003 ) (240 -184 -471.216003 ) (240 -184 -464 ) (240 0 -464 ) 
4 92 104 (372 -200 -471.216003 ) (372 -808 -471.216003 ) (240 -808 -471.216003 ) (240 -200 -471.216003 ) 
4 92 94 (240 -808 -471.216003 ) (372 -808 -471.216003 ) (372 -808 -464 ) (240 -808 -464 ) 
4 92 93 (240 -200 -471.216003 ) (240 -808 -471.216003 ) (240 -808 -464 ) (240 -200 -464 ) 
4 93 103 (21 -200 -471.216003 ) (21 0 -471.216003 ) (240 0 -471.216003 ) (240 -200 -471.216003 ) 
4 93 104 (21 -808 -471.216003 ) (21 -200 -471.216003 ) (240 -200 -471.216003 ) (240 -808 -471.216003 ) 
4 93 98 (21 0 -464 ) (21 0 -471.216003 ) (21 -808 -471.216003 ) (21 -808 -464 ) 
4 93 96 (21 -808 -464 ) (21 -808 -471.216003 ) (119 -808 -471.216003 ) (119 -808 -464 ) 
4 93 94 (119 -808 -471.216003 ) (240 -808 -471.216003 ) (240 -808 -464 ) (119 -808 -464 ) 
4 94 107 (1024 -1024 -471.216003 ) (1024 -1024 1914.630127 ) (119 -1024 1914.630127 ) (119 -1024 -471.216003 ) 
4 94 104 (1024 -1024 -471.216003 ) (119 -1024 -471.216003 ) (119 -808 -471.216003 ) (1024 -808 -471.216003 ) 
4 94 97 (119 -912 -471.216003 ) (119 -1024 -471.216003 ) (119 -1024 1914.630127 ) (119 -912 1914.630127 ) 
4 94 96 (119 -808 1914.630127 ) (119 -808 -471.216003 ) (119 -912 -471.216003 ) (119 -912 1914.630127 ) 
4 96 104 (21 -912 -471.216003 ) (21 -808 -471.216003 ) (119 -808 -471.216003 ) (119 -912 -471.216003 ) 
4 96 98 (21 -808 -471.216003 ) (21 -912 -471.216003 ) (21 -912 1914.630127 ) (21 -808 1914.630127 ) 
4 96 97 (21 -912 1914.630127 ) (21 -912 -471.216003 ) (119 -912 -471.216003 ) (119 -912 1914.630127 ) 
4 97 107 (21 -1024 1914.630127 ) (21 -1024 -471.216003 ) (119 -1024 -471.216003 ) (119 -1024 1914.630127 ) 
4 97 104 (119 -1024 -471.216003 ) (21 -1024 -471.216003 ) (21 -912 -471.216003 ) (119 -912 -471.216003 ) 
4 97 98 (21 -912 -471.216003 ) (21 -1024 -471.216003 ) (21 -1024 1914.630127 ) (21 -912 1914.630127 ) 
4 98 107 (0 -1024 1914.630127 ) (0 -1024 -471.216003 ) (21 -1024 -471.216003 ) (21 -1024 1914.630127 ) 
4 98 106 (0 0 1914.630127 ) (0 0 -471.216003 ) (0 -1024 -471.216003 ) (0 -1024 1914.630127 ) 
4 98 103 (0 -200 -471.216003 ) (0 0 -471.216003 ) (21 0 -471.216003 ) (21 -200 -471.216003 ) 
4 98 104 (21 -1024 -471.216003 ) (0 -1024 -471.216003 ) (0 -200 -471.216003 ) (21 -200 -471.216003 ) 
4 99 105 (372 0 -648.125000 ) (1024 0 -648.125000 ) (1024 -200 -648.125000 ) (372 -200 -648.125000 ) 
4 99 100 (372 0 -648.125000 ) (372 -184 -648.125000 ) (372 -184 -471.216003 ) (372 0 -471.216003 ) 
4 99 104 (372 -200 -648.125000 ) (1024 -200 -648.125000 ) (1024 -200 -471.216003 ) (372 -200 -471.216003 ) 
4 100 105 (369.191010 0 -648.125000 ) (372 0 -648.125000 ) (372 -184 -648.125000 ) (369.191010 -184 -648.125000 ) 
4 100 101 (369.191010 0 -648.125000 ) (369.191010 -184 -648.125000 ) (369.191010 -184 -471.216003 ) (369.191010 0 -471.216003 ) 
4 101 105 (242.809006 0 -648.125000 ) (369.191010 0 -648.125000 ) (369.191010 -190.856995 -648.125000 ) (242.809006 -190.856995 -648.125000 ) 
4 101 102 (242.809006 0 -648.125000 ) (242.809006 -184 -648.125000 ) (242.809006 -184 -471.216003 ) (242.809006 0 -471.216003 ) 
4 102 105 (240 0 -648.125000 ) (242.809006 0 -648.125000 ) (242.809006 -184 -648.125000 ) (240 -184 -648.125000 ) 
4 102 103 (240 0 -648.125000 ) (240 -184 -648.125000 ) (240 -184 -471.216003 ) (240 0 -471.216003 ) 
4 103 106 (0 0 -471.216003 ) (0 0 -648.125000 ) (0 -200 -648.125000 ) (0 -200 -471.216003 ) 
4 103 105 (0 -200 -648.125000 ) (0 0 -648.125000 ) (240 0 -648.125000 ) (240 -200 -648.125000 ) 
4 103 104 (0 -200 -648.125000 ) (240 -200 -648.125000 ) (240 -200 -471.216003 ) (0 -200 -471.216003 ) 
4 104 107 (1024 -1024 -648.125000 ) (1024 -1024 -471.216003 ) (0 -1024 -471.216003 ) (0 -1024 -648.125000 ) 
4 104 106 (0 -200 -648.125000 ) (0 -1024 -648.125000 ) (0 -1024 -471.216003 ) (0 -200 -471.216003 ) 
4 104 105 (0 -1024 -648.125000 ) (0 -200 -648.125000 ) (1024 -200 -648.125000 ) (1024 -1024 -648.125000 ) 
4 105 107 (1024 -1024 -1366.630127 ) (1024 -1024 -648.125000 ) (0 -1024 -648.125000 ) (0 -1024 -1366.630127 ) 
4 105 106 (0 0 -648.125000 ) (0 0 -1366.630127 ) (0 -1024 -1366.630127 ) (0 -1024 -648.125000 ) 
4 106 109 (-1024 0 1914.630127 ) (-1024 0 -1366.630127 ) (-1024 -1024 -1366.630127 ) (-1024 -1024 1914.630127 ) 
4 106 108 (0 -1024 -1366.630127 ) (0 -1024 1914.630127 ) (-1024 -1024 1914.630127 ) (-1024 -1024 -1366.630127 ) 
4 107 108 (0 -1447.689941 1914.630127 ) (0 -1024 1914.630127 ) (0 -1024 -1366.630127 ) (0 -1447.689941 -1366.630127 ) 
4 108 110 (-1024 -1447.689941 1914.630127 ) (-1024 -1024 1914.630127 ) (-1024 -1024 -1366.630127 ) (-1024 -1447.689941 -1366.630127 ) 
4 109 110 (-1024 -1024 -1366.630127 ) (-1024 -1024 1914.630127 ) (-1625.689941 -1024 1914.630127 ) (-1625.689941 -1024 -1366.630127 ) 
